{
  "timestamp": "2024-02-17T10:21:44.635Z",
  "path": "/",
  "method": "GET",
  "headers": {
    "content-type": "application/json",
    "user-agent": "PostmanRuntime/7.36.0",
    "accept": "*/*",
    "cache-control": "no-cache",
    "postman-token": "13cfa622-75c3-4aef-bb63-a70845b5a5b5",
    "host": "localhost:3000",
    "accept-encoding": "gzip, deflate, br",
    "connection": "keep-alive",
    "content-length": "23"
  },
  "body": {
    "name": "kita"
  }
}

{
  "timestamp": "2024-02-17T10:21:54.643Z",
  "path": "/",
  "method": "GET",
  "headers": {
    "content-type": "application/json",
    "user-agent": "PostmanRuntime/7.36.0",
    "accept": "*/*",
    "cache-control": "no-cache",
    "postman-token": "bec5817d-325d-4982-90f6-e5bade884ba8",
    "host": "localhost:3000",
    "accept-encoding": "gzip, deflate, br",
    "connection": "keep-alive",
    "content-length": "23"
  },
  "body": {
    "name": "kita"
  }
}

{
  "timestamp": "2024-02-17T10:26:09.812Z",
  "path": "/logviewer.html",
  "method": "GET",
  "headers": {
    "host": "localhost:3000",
    "connection": "keep-alive",
    "sec-ch-ua": "\"Not_A Brand\";v=\"8\", \"Chromium\";v=\"120\", \"Google Chrome\";v=\"120\"",
    "sec-ch-ua-mobile": "?0",
    "sec-ch-ua-platform": "\"Windows\"",
    "dnt": "1",
    "upgrade-insecure-requests": "1",
    "user-agent": "Mozilla/5.0 (Windows NT 10.0; Win64; x64) AppleWebKit/537.36 (KHTML, like Gecko) Chrome/120.0.0.0 Safari/537.36",
    "accept": "text/html,application/xhtml+xml,application/xml;q=0.9,image/avif,image/webp,image/apng,*/*;q=0.8,application/signed-exchange;v=b3;q=0.7",
    "sec-fetch-site": "none",
    "sec-fetch-mode": "navigate",
    "sec-fetch-user": "?1",
    "sec-fetch-dest": "document",
    "accept-encoding": "gzip, deflate, br",
    "accept-language": "en-US,en;q=0.9,hi;q=0.8"
  },
  "body": {}
}

{
  "timestamp": "2024-02-17T10:26:09.846Z",
  "path": "/robots.txt",
  "method": "GET",
  "headers": {
    "host": "localhost:3000",
    "connection": "keep-alive",
    "sec-ch-ua": "\"Not_A Brand\";v=\"8\", \"Chromium\";v=\"120\", \"Google Chrome\";v=\"120\"",
    "dnt": "1",
    "sec-ch-ua-mobile": "?0",
    "user-agent": "Mozilla/5.0 (Windows NT 10.0; Win64; x64) AppleWebKit/537.36 (KHTML, like Gecko) Chrome/120.0.0.0 Safari/537.36",
    "sec-ch-ua-platform": "\"Windows\"",
    "accept": "*/*",
    "sec-fetch-site": "none",
    "sec-fetch-mode": "cors",
    "sec-fetch-dest": "empty",
    "accept-encoding": "gzip, deflate, br",
    "accept-language": "en-US,en;q=0.9,hi;q=0.8"
  },
  "body": {}
}

{
  "timestamp": "2024-02-17T10:28:30.555Z",
  "path": "/logviewer.html",
  "method": "GET",
  "headers": {
    "host": "localhost:3000",
    "connection": "keep-alive",
    "cache-control": "max-age=0",
    "sec-ch-ua": "\"Not_A Brand\";v=\"8\", \"Chromium\";v=\"120\", \"Google Chrome\";v=\"120\"",
    "sec-ch-ua-mobile": "?0",
    "sec-ch-ua-platform": "\"Windows\"",
    "dnt": "1",
    "upgrade-insecure-requests": "1",
    "user-agent": "Mozilla/5.0 (Windows NT 10.0; Win64; x64) AppleWebKit/537.36 (KHTML, like Gecko) Chrome/120.0.0.0 Safari/537.36",
    "accept": "text/html,application/xhtml+xml,application/xml;q=0.9,image/avif,image/webp,image/apng,*/*;q=0.8,application/signed-exchange;v=b3;q=0.7",
    "sec-fetch-site": "none",
    "sec-fetch-mode": "navigate",
    "sec-fetch-user": "?1",
    "sec-fetch-dest": "document",
    "accept-encoding": "gzip, deflate, br",
    "accept-language": "en-US,en;q=0.9,hi;q=0.8"
  },
  "body": {}
}

{
  "timestamp": "2024-02-17T10:28:49.193Z",
  "path": "/",
  "method": "GET",
  "headers": {
    "content-type": "application/json",
    "user-agent": "PostmanRuntime/7.36.0",
    "accept": "*/*",
    "cache-control": "no-cache",
    "postman-token": "41483554-76c5-4e47-b5a3-42ac997939c0",
    "host": "localhost:3000",
    "accept-encoding": "gzip, deflate, br",
    "connection": "keep-alive",
    "content-length": "23"
  },
  "body": {
    "name": "kita"
  }
}

{
  "timestamp": "2024-02-17T10:28:56.695Z",
  "path": "/",
  "method": "GET",
  "headers": {
    "content-type": "application/json",
    "user-agent": "PostmanRuntime/7.36.0",
    "accept": "*/*",
    "cache-control": "no-cache",
    "postman-token": "134777de-27b1-4422-a668-729908277f70",
    "host": "localhost:3000",
    "accept-encoding": "gzip, deflate, br",
    "connection": "keep-alive",
    "content-length": "23"
  },
  "body": {
    "name": "kita"
  }
}

{
  "timestamp": "2024-02-17T10:29:10.167Z",
  "path": "/logviewer.html",
  "method": "GET",
  "headers": {
    "host": "127.0.0.1:3000",
    "connection": "keep-alive",
    "sec-ch-ua": "\"Not A(Brand\";v=\"99\", \"Microsoft Edge\";v=\"121\", \"Chromium\";v=\"121\"",
    "sec-ch-ua-mobile": "?0",
    "sec-ch-ua-platform": "\"Windows\"",
    "dnt": "1",
    "upgrade-insecure-requests": "1",
    "user-agent": "Mozilla/5.0 (Windows NT 10.0; Win64; x64) AppleWebKit/537.36 (KHTML, like Gecko) Chrome/121.0.0.0 Safari/537.36 Edg/121.0.0.0",
    "accept": "text/html,application/xhtml+xml,application/xml;q=0.9,image/avif,image/webp,image/apng,*/*;q=0.8,application/signed-exchange;v=b3;q=0.7",
    "sec-fetch-site": "none",
    "sec-fetch-mode": "navigate",
    "sec-fetch-user": "?1",
    "sec-fetch-dest": "document",
    "accept-encoding": "gzip, deflate, br",
    "accept-language": "en-US,en;q=0.9"
  },
  "body": {}
}

{
  "timestamp": "2024-02-17T10:30:19.416Z",
  "path": "/logviewer.html",
  "method": "GET",
  "headers": {
    "host": "localhost:3000",
    "connection": "keep-alive",
    "cache-control": "max-age=0",
    "sec-ch-ua": "\"Not_A Brand\";v=\"8\", \"Chromium\";v=\"120\", \"Google Chrome\";v=\"120\"",
    "sec-ch-ua-mobile": "?0",
    "sec-ch-ua-platform": "\"Windows\"",
    "dnt": "1",
    "upgrade-insecure-requests": "1",
    "user-agent": "Mozilla/5.0 (Windows NT 10.0; Win64; x64) AppleWebKit/537.36 (KHTML, like Gecko) Chrome/120.0.0.0 Safari/537.36",
    "accept": "text/html,application/xhtml+xml,application/xml;q=0.9,image/avif,image/webp,image/apng,*/*;q=0.8,application/signed-exchange;v=b3;q=0.7",
    "sec-fetch-site": "none",
    "sec-fetch-mode": "navigate",
    "sec-fetch-user": "?1",
    "sec-fetch-dest": "document",
    "accept-encoding": "gzip, deflate, br",
    "accept-language": "en-US,en;q=0.9,hi;q=0.8"
  },
  "body": {}
}

{
  "timestamp": "2024-02-17T10:31:54.240Z",
  "path": "/logs",
  "method": "GET",
  "headers": {
    "host": "localhost:3000",
    "connection": "keep-alive",
    "sec-ch-ua": "\"Not_A Brand\";v=\"8\", \"Chromium\";v=\"120\", \"Google Chrome\";v=\"120\"",
    "dnt": "1",
    "sec-ch-ua-mobile": "?0",
    "user-agent": "Mozilla/5.0 (Windows NT 10.0; Win64; x64) AppleWebKit/537.36 (KHTML, like Gecko) Chrome/120.0.0.0 Safari/537.36",
    "sec-ch-ua-platform": "\"Windows\"",
    "accept": "*/*",
    "sec-fetch-site": "same-origin",
    "sec-fetch-mode": "cors",
    "sec-fetch-dest": "empty",
    "referer": "http://localhost:3000/logviewer.html",
    "accept-encoding": "gzip, deflate, br",
    "accept-language": "en-US,en;q=0.9,hi;q=0.8"
  },
  "body": {}
}

{
  "timestamp": "2024-02-17T10:32:52.512Z",
  "path": "/",
  "method": "GET",
  "headers": {
    "content-type": "application/json",
    "user-agent": "PostmanRuntime/7.36.0",
    "accept": "*/*",
    "cache-control": "no-cache",
    "postman-token": "77c45ef5-0d52-4d27-ade5-fce9b3faa671",
    "host": "localhost:3000",
    "accept-encoding": "gzip, deflate, br",
    "connection": "keep-alive",
    "content-length": "56"
  },
  "body": {
    "firstName": "Ashish",
    "lastName": "Kumar"
  }
}

{
  "timestamp": "2024-02-17T10:32:59.109Z",
  "path": "/logs",
  "method": "GET",
  "headers": {
    "host": "localhost:3000",
    "connection": "keep-alive",
    "sec-ch-ua": "\"Not_A Brand\";v=\"8\", \"Chromium\";v=\"120\", \"Google Chrome\";v=\"120\"",
    "dnt": "1",
    "sec-ch-ua-mobile": "?0",
    "user-agent": "Mozilla/5.0 (Windows NT 10.0; Win64; x64) AppleWebKit/537.36 (KHTML, like Gecko) Chrome/120.0.0.0 Safari/537.36",
    "sec-ch-ua-platform": "\"Windows\"",
    "accept": "*/*",
    "sec-fetch-site": "same-origin",
    "sec-fetch-mode": "cors",
    "sec-fetch-dest": "empty",
    "referer": "http://localhost:3000/logviewer.html",
    "accept-encoding": "gzip, deflate, br",
    "accept-language": "en-US,en;q=0.9,hi;q=0.8",
    "if-none-match": "W/\"1bb5-dHt//6PKdVsLC3mIQP9U/oujfnI\""
  },
  "body": {}
}

{
  "timestamp": "2024-02-17T10:37:09.153Z",
  "path": "/",
  "method": "GET",
  "headers": {
    "content-type": "application/json",
    "user-agent": "PostmanRuntime/7.36.0",
    "accept": "*/*",
    "cache-control": "no-cache",
    "postman-token": "d2312a59-e4ec-44bc-8c41-551c860cbbab",
    "host": "localhost:3000",
    "accept-encoding": "gzip, deflate, br",
    "connection": "keep-alive",
    "content-length": "56"
  },
  "body": {
    "firstName": "Ashish",
    "lastName": "Kumar"
  }
}

{
  "timestamp": "2024-02-17T10:37:35.847Z",
  "path": "/logs",
  "method": "GET",
  "headers": {
    "host": "localhost:3000",
    "connection": "keep-alive",
    "sec-ch-ua": "\"Not_A Brand\";v=\"8\", \"Chromium\";v=\"120\", \"Google Chrome\";v=\"120\"",
    "dnt": "1",
    "sec-ch-ua-mobile": "?0",
    "user-agent": "Mozilla/5.0 (Windows NT 10.0; Win64; x64) AppleWebKit/537.36 (KHTML, like Gecko) Chrome/120.0.0.0 Safari/537.36",
    "sec-ch-ua-platform": "\"Windows\"",
    "accept": "*/*",
    "sec-fetch-site": "same-origin",
    "sec-fetch-mode": "cors",
    "sec-fetch-dest": "empty",
    "referer": "http://localhost:3000/logviewer.html",
    "accept-encoding": "gzip, deflate, br",
    "accept-language": "en-US,en;q=0.9,hi;q=0.8",
    "if-none-match": "W/\"20e5-Sa+nO4+WFJVo5/6ucMByQLEG4Ic\""
  },
  "body": {}
}

